[2020/11/23 13:04:18][INFO][][0] 工作路径已切换到 C:\Users\HP430g5\Documents\UiBot\Projects\学习强国\
[2020/11/23 13:04:18][INFO][流程块.task][0] 流程 流程块.task 开始运行
[2020/11/23 13:04:35][TRACE][流程块.task][51] "已点击：李克强主持召开经济形势部分地方政府负责人视频座谈会"

[2020/11/23 13:05:57][TRACE][流程块.task][51] "已点击：教育部：通过人工智能等与教育融合 破解教师编制不足等瓶颈"

[2020/11/23 13:07:19][TRACE][流程块.task][51] "已点击：2020年世界互联网大会“互联网之光”博览会在浙江乌镇拉开帷幕"

[2020/11/23 13:08:42][TRACE][流程块.task][51] "已点击：农业农村部发布“十三五”农业科技标志性成果"

[2020/11/23 13:10:04][TRACE][流程块.task][51] "已点击：国家卫健委发布征求意见稿 儿童入托入学拟查验预防接种证"

[2020/11/23 13:11:26][TRACE][流程块.task][51] "已点击：我国农村养老床位达194万余张"

[2020/11/23 13:12:47][TRACE][流程块.task][64] "文章完毕，开始视频"

[2020/11/23 13:12:56][TRACE][流程块.task][80] "https://www.xuexi.cn/4426aa87b0b64ac671c96379a3a8bd26/db086044562a57b441c24f2af1c8e101.html#cim91v4tho0-5"

[2020/11/23 13:12:56][TRACE][流程块.task][84] "cim91v4tho0-5"

[2020/11/23 13:12:59][TRACE][流程块.task][94] 10

[2020/11/23 13:12:59][TRACE][流程块.task][96] "开始点击：时代楷模：黄诗燕、毛相林"

[2020/11/23 13:13:00][TRACE][流程块.task][102] "已点击：时代楷模：黄诗燕、毛相林"

[2020/11/23 13:15:20][TRACE][流程块.task][114] "当前已完成"

[2020/11/23 13:15:22][TRACE][流程块.task][96] "开始点击：10个抗疫一线医务人员英雄群体"

[2020/11/23 13:15:23][TRACE][流程块.task][102] "已点击：10个抗疫一线医务人员英雄群体"

[2020/11/23 13:17:43][TRACE][流程块.task][114] "当前已完成"

[2020/11/23 13:17:46][TRACE][流程块.task][96] "开始点击：陆军第74集团军某旅“硬骨头六连”"

[2020/11/23 13:17:46][TRACE][流程块.task][102] "已点击：陆军第74集团军某旅“硬骨头六连”"

[2020/11/23 13:20:06][TRACE][流程块.task][114] "当前已完成"

[2020/11/23 13:20:09][TRACE][流程块.task][96] "开始点击：敦煌研究院文物保护利用群体"

[2020/11/23 13:20:09][TRACE][流程块.task][102] "已点击：敦煌研究院文物保护利用群体"

[2020/11/23 13:22:29][TRACE][流程块.task][114] "当前已完成"

[2020/11/23 13:22:32][TRACE][流程块.task][96] "开始点击：朱有勇：奋斗在脱贫攻坚主战场的“农民院士”"

[2020/11/23 13:22:32][TRACE][流程块.task][102] "已点击：朱有勇：奋斗在脱贫攻坚主战场的“农民院士”"

[2020/11/23 13:24:52][TRACE][流程块.task][114] "当前已完成"

[2020/11/23 13:24:55][TRACE][流程块.task][96] "开始点击：李夏：基层青年纪检监察干部的优秀代表"

[2020/11/23 13:24:55][TRACE][流程块.task][102] "已点击：李夏：基层青年纪检监察干部的优秀代表"

[2020/11/23 13:27:15][TRACE][流程块.task][114] "当前已完成"

[2020/11/23 13:27:24][TRACE][流程块.task][124] []


[2020/11/23 13:27:24][TRACE][流程块.task][126] 0

[2020/11/23 13:27:24][INFO][流程块.task][0] 流程块.task 运行已结束
